<?xml version="1.0" encoding="UTF-8"?>
<testng-results ignored="0" total="1" passed="1" failed="0" skipped="0">
  <reporter-output>
    <line>
      <![CDATA[create customer]]>
    </line>
  </reporter-output>
  <suite started-at="2023-10-04T12:41:52 IST" name="Suite" finished-at="2023-10-04T12:41:52 IST" duration-ms="67">
    <groups>
    </groups>
    <test started-at="2023-10-04T12:41:52 IST" name="Test" finished-at="2023-10-04T12:41:52 IST" duration-ms="67">
      <class name="comit.actime.tesrscript.CustomerModule">
        <test-method signature="createCustomer()[pri:0, instance:comit.actime.tesrscript.CustomerModule@1e0b4072]" started-at="2023-10-04T12:41:52 IST" name="createCustomer" finished-at="2023-10-04T12:41:52 IST" duration-ms="22" status="PASS">
          <reporter-output>
            <line>
              <![CDATA[create customer]]>
            </line>
          </reporter-output>
        </test-method> <!-- createCustomer -->
      </class> <!-- comit.actime.tesrscript.CustomerModule -->
    </test> <!-- Test -->
  </suite> <!-- Suite -->
</testng-results>
